1574826718214	mozrunner::runner	INFO	Running command: "C:\\Program Files (x86)\\Mozilla Firefox\\firefox.exe" "-marionette" "-headless" "-foreground" "-no-remote" "-profile" "C:\\Users\\SWHIRE~1.ORA\\AppData\\Local\\Temp\\rust_mozprofile.kfDSh2HH3dZ5"
*** You are running in headless mode.
1574826723621	addons.webextension.screenshots@mozilla.org	WARN	Loading extension 'screenshots@mozilla.org': Reading manifest: Invalid extension permission: mozillaAddons
1574826723622	addons.webextension.screenshots@mozilla.org	WARN	Loading extension 'screenshots@mozilla.org': Reading manifest: Invalid extension permission: telemetry
1574826723623	addons.webextension.screenshots@mozilla.org	WARN	Loading extension 'screenshots@mozilla.org': Reading manifest: Invalid extension permission: resource://pdf.js/
1574826723624	addons.webextension.screenshots@mozilla.org	WARN	Loading extension 'screenshots@mozilla.org': Reading manifest: Invalid extension permission: about:reader*
JavaScript error: resource://gre/modules/XULStore.jsm, line 66: Error: Can't find profile directory.
1574826729570	Marionette	INFO	Listening on port 49810
1574826729994	Marionette	WARN	TLS certificate errors will be ignored for this session
1574826838148	mozrunner::runner	INFO	Running command: "C:\\Program Files (x86)\\Mozilla Firefox\\firefox.exe" "-marionette" "-headless" "-foreground" "-no-remote" "-profile" "C:\\Users\\SWHIRE~1.ORA\\AppData\\Local\\Temp\\rust_mozprofile.VbHmZVBZmFLf"
*** You are running in headless mode.
1574826840852	addons.webextension.screenshots@mozilla.org	WARN	Loading extension 'screenshots@mozilla.org': Reading manifest: Invalid extension permission: mozillaAddons
1574826840853	addons.webextension.screenshots@mozilla.org	WARN	Loading extension 'screenshots@mozilla.org': Reading manifest: Invalid extension permission: telemetry
1574826840853	addons.webextension.screenshots@mozilla.org	WARN	Loading extension 'screenshots@mozilla.org': Reading manifest: Invalid extension permission: resource://pdf.js/
1574826840853	addons.webextension.screenshots@mozilla.org	WARN	Loading extension 'screenshots@mozilla.org': Reading manifest: Invalid extension permission: about:reader*
JavaScript error: resource://gre/modules/XULStore.jsm, line 66: Error: Can't find profile directory.
1574826844967	Marionette	INFO	Listening on port 49890
1574826845344	Marionette	WARN	TLS certificate errors will be ignored for this session
1574826930068	Marionette	INFO	Stopped listening on port 49890
[Parent 11520, Gecko_IOThread] WARNING: pipe error: 109: file z:/task_1572402546/build/src/ipc/chromium/src/chrome/common/ipc_channel_win.cc, line 341
[Child [Parent 11520, Gecko_IOThread] WARNING: pipe error: 109: file z:/task_1572402546/build/src/ipc/chromium/src/chrome/common/ipc_channel_win.cc, line 341
[Child 12164, Chrome_ChildThread] WARNING: pipe error: 109: file z:/task_1572402546/build/src/ipc/chromium/src/chrome/common/ipc_channel_win.cc, line 341
[Parent 11520, Gecko_IOThread] WARNING: file z:/task_1572402546/build/src/ipc/chromium/src/base/process_util_win.cc, line 160
